[2018-07-11 16:16:58,543] multiqc                                            [DEBUG  ]  No MultiQC config found: /opt/miniconda/envs/py3.osf/lib/python3.6/site-packages/multiqc_config.yaml
[2018-07-11 16:16:58,543] multiqc                                            [DEBUG  ]  No MultiQC config found: /home/dibbears/.multiqc_config.yaml
[2018-07-11 16:16:58,543] multiqc                                            [DEBUG  ]  No MultiQC config found: multiqc_config.yaml
[2018-07-11 16:16:58,543] multiqc                                            [DEBUG  ]  Command used: /opt/miniconda/envs/py3.osf/bin/multiqc SRR1300313_1.fastq SRR1300313_1_fastqc.html SRR1300313_1_fastqc.zip SRR1300313_2.fastq SRR1300313_2_fastqc.html SRR1300313_2_fastqc.zip SRR1300380_1.fastq SRR1300380_1_fastqc.html SRR1300380_1_fastqc.zip SRR1300380_2.fastq SRR1300380_2_fastqc.html SRR1300380_2_fastqc.zip SRR1300523_1.fastq SRR1300523_1_fastqc.html SRR1300523_1_fastqc.zip SRR1300523_2.fastq SRR1300523_2_fastqc.html SRR1300523_2_fastqc.zip SRR1300540_1.fastq SRR1300540_1_fastqc.html SRR1300540_1_fastqc.zip SRR1300540_2.fastq SRR1300540_2_fastqc.html SRR1300540_2_fastqc.zip nema_annotation.ipynb runQC.sh scripts
[2018-07-11 16:16:59,031] multiqc                                            [DEBUG  ]  Latest MultiQC version is v1.5
[2018-07-11 16:16:59,031] multiqc                                            [INFO   ]  This is MultiQC v1.6.dev0
[2018-07-11 16:16:59,205] multiqc                                            [DEBUG  ]  Command     : /opt/miniconda/envs/py3.osf/bin/multiqc SRR1300313_1.fastq SRR1300313_1_fastqc.html SRR1300313_1_fastqc.zip SRR1300313_2.fastq SRR1300313_2_fastqc.html SRR1300313_2_fastqc.zip SRR1300380_1.fastq SRR1300380_1_fastqc.html SRR1300380_1_fastqc.zip SRR1300380_2.fastq SRR1300380_2_fastqc.html SRR1300380_2_fastqc.zip SRR1300523_1.fastq SRR1300523_1_fastqc.html SRR1300523_1_fastqc.zip SRR1300523_2.fastq SRR1300523_2_fastqc.html SRR1300523_2_fastqc.zip SRR1300540_1.fastq SRR1300540_1_fastqc.html SRR1300540_1_fastqc.zip SRR1300540_2.fastq SRR1300540_2_fastqc.html SRR1300540_2_fastqc.zip nema_annotation.ipynb runQC.sh scripts
[2018-07-11 16:16:59,206] multiqc                                            [DEBUG  ]  Working dir : /home/dibbears/openScienceTutorial
[2018-07-11 16:16:59,206] multiqc                                            [INFO   ]  Template    : default
[2018-07-11 16:16:59,206] multiqc                                            [INFO   ]  Searching 'SRR1300313_1.fastq'
[2018-07-11 16:16:59,206] multiqc                                            [INFO   ]  Searching 'SRR1300313_1_fastqc.html'
[2018-07-11 16:16:59,206] multiqc                                            [INFO   ]  Searching 'SRR1300313_1_fastqc.zip'
[2018-07-11 16:16:59,207] multiqc                                            [INFO   ]  Searching 'SRR1300313_2.fastq'
[2018-07-11 16:16:59,207] multiqc                                            [INFO   ]  Searching 'SRR1300313_2_fastqc.html'
[2018-07-11 16:16:59,207] multiqc                                            [INFO   ]  Searching 'SRR1300313_2_fastqc.zip'
[2018-07-11 16:16:59,207] multiqc                                            [INFO   ]  Searching 'SRR1300380_1.fastq'
[2018-07-11 16:16:59,207] multiqc                                            [INFO   ]  Searching 'SRR1300380_1_fastqc.html'
[2018-07-11 16:16:59,208] multiqc                                            [INFO   ]  Searching 'SRR1300380_1_fastqc.zip'
[2018-07-11 16:16:59,208] multiqc                                            [INFO   ]  Searching 'SRR1300380_2.fastq'
[2018-07-11 16:16:59,208] multiqc                                            [INFO   ]  Searching 'SRR1300380_2_fastqc.html'
[2018-07-11 16:16:59,208] multiqc                                            [INFO   ]  Searching 'SRR1300380_2_fastqc.zip'
[2018-07-11 16:16:59,208] multiqc                                            [INFO   ]  Searching 'SRR1300523_1.fastq'
[2018-07-11 16:16:59,208] multiqc                                            [INFO   ]  Searching 'SRR1300523_1_fastqc.html'
[2018-07-11 16:16:59,209] multiqc                                            [INFO   ]  Searching 'SRR1300523_1_fastqc.zip'
[2018-07-11 16:16:59,209] multiqc                                            [INFO   ]  Searching 'SRR1300523_2.fastq'
[2018-07-11 16:16:59,209] multiqc                                            [INFO   ]  Searching 'SRR1300523_2_fastqc.html'
[2018-07-11 16:16:59,209] multiqc                                            [INFO   ]  Searching 'SRR1300523_2_fastqc.zip'
[2018-07-11 16:16:59,210] multiqc                                            [INFO   ]  Searching 'SRR1300540_1.fastq'
[2018-07-11 16:16:59,210] multiqc                                            [INFO   ]  Searching 'SRR1300540_1_fastqc.html'
[2018-07-11 16:16:59,210] multiqc                                            [INFO   ]  Searching 'SRR1300540_1_fastqc.zip'
[2018-07-11 16:16:59,210] multiqc                                            [INFO   ]  Searching 'SRR1300540_2.fastq'
[2018-07-11 16:16:59,210] multiqc                                            [INFO   ]  Searching 'SRR1300540_2_fastqc.html'
[2018-07-11 16:16:59,210] multiqc                                            [INFO   ]  Searching 'SRR1300540_2_fastqc.zip'
[2018-07-11 16:16:59,211] multiqc                                            [INFO   ]  Searching 'nema_annotation.ipynb'
[2018-07-11 16:16:59,211] multiqc                                            [INFO   ]  Searching 'runQC.sh'
[2018-07-11 16:16:59,211] multiqc                                            [INFO   ]  Searching 'scripts'
[2018-07-11 16:16:59,212] multiqc                                            [DEBUG  ]  Analysing modules: custom_content, conpair, peddy, methylQA, qualimap, preseq, quast, qorts, rna_seqc, rsem, rseqc, busco, goleft_indexcov, disambiguate, supernova, deeptools, sargasso, verifybamid, homer, macs2, theta2, snpeff, gatk, htseq, bcftools, featureCounts, dedup, picard, prokka, samblaster, samtools, bamtools, jellyfish, vcftools, longranger, bbmap, bismark, hicexplorer, hicup, salmon, kallisto, slamdunk, star, hisat2, tophat, bowtie2, bowtie1, kat, leehom, adapterRemoval, clipandmerge, cutadapt, flexbar, trimmomatic, skewer, sortmerna, biobloomtools, fastq_screen, afterqc, fastqc, clusterflow, bcl2fastq, interop
[2018-07-11 16:16:59,212] multiqc                                            [DEBUG  ]  Using temporary directory for creating report: /tmp/tmptz3tc7vi
[2018-07-11 16:16:59,298] multiqc                                            [DEBUG  ]  Ignoring file as matched an ignore pattern: SRR1300313_1.fastq
[2018-07-11 16:16:59,299] multiqc                                            [DEBUG  ]  Ignoring file as matched an ignore pattern: SRR1300313_1_fastqc.html
[2018-07-11 16:16:59,306] multiqc                                            [DEBUG  ]  Ignoring file as matched an ignore pattern: SRR1300313_2.fastq
[2018-07-11 16:16:59,306] multiqc                                            [DEBUG  ]  Ignoring file as matched an ignore pattern: SRR1300313_2_fastqc.html
[2018-07-11 16:16:59,307] multiqc                                            [DEBUG  ]  Ignoring file as matched an ignore pattern: SRR1300380_1.fastq
[2018-07-11 16:16:59,307] multiqc                                            [DEBUG  ]  Ignoring file as matched an ignore pattern: SRR1300380_1_fastqc.html
[2018-07-11 16:16:59,308] multiqc                                            [DEBUG  ]  Ignoring file as matched an ignore pattern: SRR1300380_2.fastq
[2018-07-11 16:16:59,308] multiqc                                            [DEBUG  ]  Ignoring file as matched an ignore pattern: SRR1300380_2_fastqc.html
[2018-07-11 16:16:59,309] multiqc                                            [DEBUG  ]  Ignoring file as matched an ignore pattern: SRR1300523_1.fastq
[2018-07-11 16:16:59,309] multiqc                                            [DEBUG  ]  Ignoring file as matched an ignore pattern: SRR1300523_1_fastqc.html
[2018-07-11 16:16:59,310] multiqc                                            [DEBUG  ]  Ignoring file as matched an ignore pattern: SRR1300523_2.fastq
[2018-07-11 16:16:59,310] multiqc                                            [DEBUG  ]  Ignoring file as matched an ignore pattern: SRR1300523_2_fastqc.html
[2018-07-11 16:16:59,310] multiqc                                            [DEBUG  ]  Ignoring file as matched an ignore pattern: SRR1300540_1.fastq
[2018-07-11 16:16:59,311] multiqc                                            [DEBUG  ]  Ignoring file as matched an ignore pattern: SRR1300540_1_fastqc.html
[2018-07-11 16:16:59,311] multiqc                                            [DEBUG  ]  Ignoring file as matched an ignore pattern: SRR1300540_2.fastq
[2018-07-11 16:16:59,312] multiqc                                            [DEBUG  ]  Ignoring file as matched an ignore pattern: SRR1300540_2_fastqc.html
[2018-07-11 16:16:59,744] multiqc                                            [DEBUG  ]  No samples found: custom_content
[2018-07-11 16:16:59,748] multiqc                                            [DEBUG  ]  No samples found: conpair
[2018-07-11 16:16:59,752] multiqc                                            [DEBUG  ]  No samples found: peddy
[2018-07-11 16:16:59,755] multiqc                                            [DEBUG  ]  No samples found: methylQA
[2018-07-11 16:16:59,759] multiqc                                            [DEBUG  ]  No samples found: qualimap
[2018-07-11 16:16:59,763] multiqc                                            [DEBUG  ]  No samples found: preseq
[2018-07-11 16:16:59,767] multiqc                                            [DEBUG  ]  No samples found: quast
[2018-07-11 16:16:59,771] multiqc                                            [DEBUG  ]  No samples found: qorts
[2018-07-11 16:16:59,774] multiqc                                            [DEBUG  ]  No samples found: rna_seqc
[2018-07-11 16:16:59,778] multiqc                                            [DEBUG  ]  No samples found: rsem
[2018-07-11 16:16:59,784] multiqc                                            [DEBUG  ]  No samples found: rseqc
[2018-07-11 16:16:59,788] multiqc.modules.busco.busco                        [INFO   ]  Found 1 reports
[2018-07-11 16:16:59,795] multiqc                                            [DEBUG  ]  No samples found: goleft_indexcov
[2018-07-11 16:16:59,799] multiqc                                            [DEBUG  ]  No samples found: disambiguate
[2018-07-11 16:16:59,803] multiqc                                            [DEBUG  ]  No samples found: supernova
[2018-07-11 16:16:59,808] multiqc                                            [DEBUG  ]  No samples found: deeptools
[2018-07-11 16:16:59,812] multiqc                                            [DEBUG  ]  No samples found: sargasso
[2018-07-11 16:16:59,815] multiqc                                            [DEBUG  ]  No samples found: verifybamid
[2018-07-11 16:16:59,820] multiqc                                            [DEBUG  ]  No samples found: homer
[2018-07-11 16:16:59,824] multiqc                                            [DEBUG  ]  No samples found: macs2
[2018-07-11 16:16:59,828] multiqc                                            [DEBUG  ]  No samples found: theta2
[2018-07-11 16:16:59,831] multiqc                                            [DEBUG  ]  No samples found: snpeff
[2018-07-11 16:16:59,836] multiqc                                            [DEBUG  ]  No samples found: gatk
[2018-07-11 16:16:59,839] multiqc                                            [DEBUG  ]  No samples found: htseq
[2018-07-11 16:16:59,843] multiqc                                            [DEBUG  ]  No samples found: bcftools
[2018-07-11 16:16:59,847] multiqc                                            [DEBUG  ]  No samples found: featureCounts
[2018-07-11 16:16:59,851] multiqc                                            [DEBUG  ]  No samples found: dedup
[2018-07-11 16:16:59,860] multiqc                                            [DEBUG  ]  No samples found: picard
[2018-07-11 16:16:59,864] multiqc                                            [DEBUG  ]  No samples found: prokka
[2018-07-11 16:16:59,867] multiqc                                            [DEBUG  ]  No samples found: samblaster
[2018-07-11 16:16:59,872] multiqc                                            [DEBUG  ]  No samples found: samtools
[2018-07-11 16:16:59,876] multiqc                                            [DEBUG  ]  No samples found: bamtools
[2018-07-11 16:16:59,880] multiqc                                            [DEBUG  ]  No samples found: jellyfish
[2018-07-11 16:16:59,885] multiqc                                            [DEBUG  ]  No samples found: vcftools
[2018-07-11 16:16:59,889] multiqc                                            [DEBUG  ]  No samples found: longranger
[2018-07-11 16:16:59,895] multiqc                                            [DEBUG  ]  No samples found: bbmap
[2018-07-11 16:16:59,899] multiqc                                            [DEBUG  ]  No samples found: bismark
[2018-07-11 16:16:59,903] multiqc                                            [DEBUG  ]  No samples found: hicexplorer
[2018-07-11 16:16:59,906] multiqc                                            [DEBUG  ]  No samples found: hicup
[2018-07-11 16:16:59,910] multiqc                                            [DEBUG  ]  No samples found: salmon
[2018-07-11 16:16:59,914] multiqc                                            [DEBUG  ]  No samples found: kallisto
[2018-07-11 16:16:59,918] multiqc                                            [DEBUG  ]  No samples found: slamdunk
[2018-07-11 16:16:59,922] multiqc                                            [DEBUG  ]  No samples found: star
[2018-07-11 16:16:59,926] multiqc                                            [DEBUG  ]  No samples found: hisat2
[2018-07-11 16:16:59,929] multiqc                                            [DEBUG  ]  No samples found: tophat
[2018-07-11 16:16:59,933] multiqc                                            [DEBUG  ]  No samples found: bowtie2
[2018-07-11 16:16:59,937] multiqc                                            [DEBUG  ]  No samples found: bowtie1
[2018-07-11 16:16:59,940] multiqc                                            [DEBUG  ]  No samples found: kat
[2018-07-11 16:16:59,944] multiqc                                            [DEBUG  ]  No samples found: leehom
[2018-07-11 16:16:59,948] multiqc                                            [DEBUG  ]  No samples found: adapterRemoval
[2018-07-11 16:16:59,952] multiqc                                            [DEBUG  ]  No samples found: clipandmerge
[2018-07-11 16:16:59,955] multiqc                                            [DEBUG  ]  No samples found: cutadapt
[2018-07-11 16:16:59,959] multiqc                                            [DEBUG  ]  No samples found: flexbar
[2018-07-11 16:16:59,963] multiqc                                            [DEBUG  ]  No samples found: trimmomatic
[2018-07-11 16:16:59,967] multiqc                                            [DEBUG  ]  No samples found: skewer
[2018-07-11 16:16:59,971] multiqc                                            [DEBUG  ]  No samples found: sortmerna
[2018-07-11 16:16:59,975] multiqc                                            [DEBUG  ]  No samples found: biobloomtools
[2018-07-11 16:16:59,978] multiqc                                            [DEBUG  ]  No samples found: fastq_screen
[2018-07-11 16:16:59,982] multiqc                                            [DEBUG  ]  No samples found: afterqc
[2018-07-11 16:17:00,005] multiqc.modules.fastqc.fastqc                      [INFO   ]  Found 8 reports
[2018-07-11 16:17:00,112] multiqc                                            [DEBUG  ]  No samples found: clusterflow
[2018-07-11 16:17:00,116] multiqc                                            [DEBUG  ]  No samples found: bcl2fastq
[2018-07-11 16:17:00,120] multiqc                                            [DEBUG  ]  No samples found: interop
[2018-07-11 16:17:00,133] multiqc                                            [INFO   ]  Compressing plot data
[2018-07-11 16:17:00,234] multiqc                                            [INFO   ]  Report      : multiqc_report.html
[2018-07-11 16:17:00,234] multiqc                                            [INFO   ]  Data        : multiqc_data
[2018-07-11 16:17:00,235] multiqc                                            [DEBUG  ]  Moving data file from '/tmp/tmptz3tc7vi/multiqc_data/multiqc_busco.txt' to '/home/dibbears/openScienceTutorial/multiqc_data'
[2018-07-11 16:17:00,235] multiqc                                            [DEBUG  ]  Moving data file from '/tmp/tmptz3tc7vi/multiqc_data/multiqc_data.json' to '/home/dibbears/openScienceTutorial/multiqc_data'
[2018-07-11 16:17:00,236] multiqc                                            [DEBUG  ]  Moving data file from '/tmp/tmptz3tc7vi/multiqc_data/multiqc_fastqc.txt' to '/home/dibbears/openScienceTutorial/multiqc_data'
[2018-07-11 16:17:00,236] multiqc                                            [DEBUG  ]  Moving data file from '/tmp/tmptz3tc7vi/multiqc_data/multiqc_general_stats.txt' to '/home/dibbears/openScienceTutorial/multiqc_data'
[2018-07-11 16:17:00,236] multiqc                                            [DEBUG  ]  Moving data file from '/tmp/tmptz3tc7vi/multiqc_data/multiqc_sources.txt' to '/home/dibbears/openScienceTutorial/multiqc_data'
[2018-07-11 16:17:00,389] multiqc                                            [INFO   ]  MultiQC complete
